app/build/outputs/logs/manifest-merger-release-report.txt
-- Merging decision tree log ---
manifest
ADDED from AndroidManifest.xml:2:1
	xmlns:tools
		ADDED from AndroidManifest.xml:3:5
	xmlns:android
		ADDED from AndroidManifest.xml:2:11
	package
		ADDED from AndroidManifest.xml:4:5
		INJECTED from AndroidManifest.xml:0:0
		INJECTED from AndroidManifest.xml:0:0
	android:versionName
		ADDED from AndroidManifest.xml:6:5
	android:versionCode
		ADDED from AndroidManifest.xml:5:5
		INJECTED from AndroidManifest.xml:0:0
		INJECTED from AndroidManifest.xml:0:0
uses-sdk
ADDED from AndroidManifest.xml:8:5
MERGED from com.android.support:support-v4:22.2.1:20:5
MERGED from com.android.support:recyclerview-v7:22.2.1:20:5
MERGED from com.android.support:support-v4:22.2.1:20:5
MERGED from com.android.support:appcompat-v7:22.2.1:20:5
MERGED from com.android.support:support-v4:22.2.1:20:5
MERGED from Grid_Management_as:easeUI:unspecified:7:5
MERGED from com.android.support:support-v4:22.2.1:20:5
	android:targetSdkVersion
		ADDED from AndroidManifest.xml:10:9
		INJECTED from AndroidManifest.xml:0:0
		INJECTED from AndroidManifest.xml:0:0
	android:minSdkVersion
		ADDED from AndroidManifest.xml:9:9
		INJECTED from AndroidManifest.xml:0:0
		INJECTED from AndroidManifest.xml:0:0
uses-permission#com.android.launcher.permission.READ_SETTINGS
ADDED from AndroidManifest.xml:12:5
	android:name
		ADDED from AndroidManifest.xml:12:22
uses-permission#android.permission.READ_CONTACTS
ADDED from AndroidManifest.xml:13:5
	android:name
		ADDED from AndroidManifest.xml:13:22
uses-permission#android.permission.READ_SMS
ADDED from AndroidManifest.xml:14:5
	android:name
		ADDED from AndroidManifest.xml:14:22
uses-permission#android.permission.GET_TASKS
ADDED from AndroidManifest.xml:16:5
	android:name
		ADDED from AndroidManifest.xml:16:22
uses-permission#android.permission.CAMERA
ADDED from AndroidManifest.xml:17:5
	android:name
		ADDED from AndroidManifest.xml:17:22
uses-permission#android.permission.RECEIVE_BOOT_COMPLETED
ADDED from AndroidManifest.xml:18:5
	android:name
		ADDED from AndroidManifest.xml:18:22
uses-permission#android.permission.BROADCAST_STICKY
ADDED from AndroidManifest.xml:19:5
	android:name
		ADDED from AndroidManifest.xml:19:22
uses-permission#android.permission.PROCESS_OUTGOING_CALLS
ADDED from AndroidManifest.xml:21:5
	android:name
		ADDED from AndroidManifest.xml:21:22
uses-permission#android.permission.MODIFY_AUDIO_SETTINGS
ADDED from AndroidManifest.xml:22:5
	android:name
		ADDED from AndroidManifest.xml:22:22
uses-permission#android.permission.ACCESS_NETWORK_STATE
ADDED from AndroidManifest.xml:24:5
	android:name
		ADDED from AndroidManifest.xml:24:22
uses-permission#android.permission.INTERNET
ADDED from AndroidManifest.xml:25:5
	android:name
		ADDED from AndroidManifest.xml:25:22
uses-permission#android.permission.ACCESS_WIFI_STATE
ADDED from AndroidManifest.xml:26:5
	android:name
		ADDED from AndroidManifest.xml:26:22
uses-permission#android.permission.CHANGE_WIFI_STATE
ADDED from AndroidManifest.xml:27:5
	android:name
		ADDED from AndroidManifest.xml:27:22
uses-permission#android.permission.WRITE_EXTERNAL_STORAGE
ADDED from AndroidManifest.xml:30:5
	android:name
		ADDED from AndroidManifest.xml:30:22
uses-permission#android.permission.READ_PHONE_STATE
ADDED from AndroidManifest.xml:32:5
	android:name
		ADDED from AndroidManifest.xml:32:22
uses-permission#android.permission.CALL_PHONE
ADDED from AndroidManifest.xml:33:5
	android:name
		ADDED from AndroidManifest.xml:33:22
uses-permission#android.permission.ACCESS_FINE_LOCATION
ADDED from AndroidManifest.xml:35:5
	android:name
		ADDED from AndroidManifest.xml:35:22
uses-permission#android.permission.BAIDU_LOCATION_SERVICE
ADDED from AndroidManifest.xml:36:5
	android:name
		ADDED from AndroidManifest.xml:36:22
uses-permission#android.permission.ACCESS_COARSE_LOCATION
ADDED from AndroidManifest.xml:37:5
	android:name
		ADDED from AndroidManifest.xml:37:22
uses-permission#android.permission.ACCESS_GPS
ADDED from AndroidManifest.xml:38:5
	android:name
		ADDED from AndroidManifest.xml:38:22
uses-permission#android.permission.VIBRATE
ADDED from AndroidManifest.xml:39:5
	android:name
		ADDED from AndroidManifest.xml:39:22
uses-permission#android.permission.WRITE_SETTINGS
ADDED from AndroidManifest.xml:40:5
	android:name
		ADDED from AndroidManifest.xml:40:22
uses-permission#android.permission.RECORD_AUDIO
ADDED from AndroidManifest.xml:42:5
	android:name
		ADDED from AndroidManifest.xml:42:22
uses-permission#android.permission.MOUNT_UNMOUNT_FILESYSTEMS
ADDED from AndroidManifest.xml:43:5
	android:name
		ADDED from AndroidManifest.xml:43:22
uses-permission#android.permission.SEND_SMS
ADDED from AndroidManifest.xml:45:5
	android:name
		ADDED from AndroidManifest.xml:45:22
uses-permission#android.permission.SYSTEM_ALERT_WINDOW
ADDED from AndroidManifest.xml:47:5
	android:name
		ADDED from AndroidManifest.xml:47:22
uses-permission#android.permission.READ_EXTERNAL_STORAGE
ADDED from AndroidManifest.xml:48:5
	android:name
		ADDED from AndroidManifest.xml:48:22
uses-permission#android.permission.DISABLE_KEYGUARD
ADDED from AndroidManifest.xml:50:5
	android:name
		ADDED from AndroidManifest.xml:50:22
uses-permission#android.permission.WAKE_LOCK
ADDED from AndroidManifest.xml:52:5
	android:name
		ADDED from AndroidManifest.xml:52:22
permission#com.cn7782.management.permission.JPUSH_MESSAGE
ADDED from AndroidManifest.xml:54:5
	android:protectionLevel
		ADDED from AndroidManifest.xml:54:79
	android:name
		ADDED from AndroidManifest.xml:54:17
uses-permission#com.cn7782.management.permission.JPUSH_MESSAGE
ADDED from AndroidManifest.xml:55:5
	android:name
		ADDED from AndroidManifest.xml:55:22
uses-permission#android.permission.RECEIVE_USER_PRESENT
ADDED from AndroidManifest.xml:56:5
	android:name
		ADDED from AndroidManifest.xml:56:22
supports-screens
ADDED from AndroidManifest.xml:57:5
	android:resizeable
		ADDED from AndroidManifest.xml:61:9
	android:largeScreens
		ADDED from AndroidManifest.xml:59:9
	android:anyDensity
		ADDED from AndroidManifest.xml:58:9
	android:normalScreens
		ADDED from AndroidManifest.xml:60:9
	android:smallScreens
		ADDED from AndroidManifest.xml:62:9
application
ADDED from AndroidManifest.xml:64:5
MERGED from com.android.support:support-v4:22.2.1:22:5
MERGED from com.android.support:support-v4:22.2.1:22:5
MERGED from com.android.support:appcompat-v7:22.2.1:22:5
MERGED from com.android.support:support-v4:22.2.1:22:5
MERGED from com.android.support:support-v4:22.2.1:22:5
	android:label
		ADDED from AndroidManifest.xml:68:9
	android:allowBackup
		ADDED from AndroidManifest.xml:66:9
	android:icon
		ADDED from AndroidManifest.xml:67:9
	android:theme
		ADDED from AndroidManifest.xml:69:9
	android:name
		ADDED from AndroidManifest.xml:65:9
meta-data#com.baidu.lbsapi.API_KEY
ADDED from AndroidManifest.xml:73:9
	android:name
		ADDED from AndroidManifest.xml:74:13
	android:value
		ADDED from AndroidManifest.xml:75:13
meta-data#EASEMOB_APPKEY
ADDED from AndroidManifest.xml:77:9
	android:name
		ADDED from AndroidManifest.xml:78:13
	android:value
		ADDED from AndroidManifest.xml:79:13
meta-data#UMENG_APPKEY
ADDED from AndroidManifest.xml:81:9
	android:name
		ADDED from AndroidManifest.xml:82:13
	android:value
		ADDED from AndroidManifest.xml:83:13
meta-data#UMENG_CHANNEL
ADDED from AndroidManifest.xml:85:9
	android:name
		ADDED from AndroidManifest.xml:86:13
	android:value
		ADDED from AndroidManifest.xml:87:13
meta-data#JPUSH_CHANNEL
ADDED from AndroidManifest.xml:89:9
	android:name
		ADDED from AndroidManifest.xml:89:20
	android:value
		ADDED from AndroidManifest.xml:89:49
meta-data#JPUSH_APPKEY
ADDED from AndroidManifest.xml:91:9
	android:name
		ADDED from AndroidManifest.xml:91:20
	android:value
		ADDED from AndroidManifest.xml:91:48
activity#com.cn7782.management.android.activity.WelcomeActivity
ADDED from AndroidManifest.xml:92:9
	android:label
		ADDED from AndroidManifest.xml:94:13
	android:theme
		ADDED from AndroidManifest.xml:95:13
	android:name
		ADDED from AndroidManifest.xml:93:13
intent-filter#android.intent.action.MAIN+android.intent.category.LAUNCHER
ADDED from AndroidManifest.xml:96:13
action#android.intent.action.MAIN
ADDED from AndroidManifest.xml:97:17
	android:name
		ADDED from AndroidManifest.xml:97:25
category#android.intent.category.LAUNCHER
ADDED from AndroidManifest.xml:99:17
	android:name
		ADDED from AndroidManifest.xml:99:27
intent-filter#android.intent.action.CREATE_SHORTCUT
ADDED from AndroidManifest.xml:101:13
action#android.intent.action.CREATE_SHORTCUT
ADDED from AndroidManifest.xml:102:17
	android:name
		ADDED from AndroidManifest.xml:102:25
activity#com.cn7782.management.android.activity.LoginActivity
ADDED from AndroidManifest.xml:105:9
	android:label
		ADDED from AndroidManifest.xml:108:13
	android:configChanges
		ADDED from AndroidManifest.xml:107:13
	android:name
		ADDED from AndroidManifest.xml:106:13
activity#com.cn7782.management.android.activity.MainActivity
ADDED from AndroidManifest.xml:109:9
	android:label
		ADDED from AndroidManifest.xml:112:13
	android:configChanges
		ADDED from AndroidManifest.xml:111:13
	android:name
		ADDED from AndroidManifest.xml:110:13
activity#com.cn7782.management.android.activity.StatisticsActivity
ADDED from AndroidManifest.xml:113:9
	android:label
		ADDED from AndroidManifest.xml:116:13
	android:configChanges
		ADDED from AndroidManifest.xml:115:13
	android:name
		ADDED from AndroidManifest.xml:114:13
activity#com.cn7782.management.android.activity.PatrolActivity
ADDED from AndroidManifest.xml:117:9
	android:label
		ADDED from AndroidManifest.xml:120:13
	android:configChanges
		ADDED from AndroidManifest.xml:119:13
	android:name
		ADDED from AndroidManifest.xml:118:13
	android:launchMode
		ADDED from AndroidManifest.xml:121:13
activity#com.cn7782.management.android.activity.MediaChoseActivity
ADDED from AndroidManifest.xml:122:9
	android:label
		ADDED from AndroidManifest.xml:125:13
	android:configChanges
		ADDED from AndroidManifest.xml:124:13
	android:theme
		ADDED from AndroidManifest.xml:126:13
	android:name
		ADDED from AndroidManifest.xml:123:13
activity#com.cn7782.management.android.activity.EventReportActivity
ADDED from AndroidManifest.xml:127:9
	android:label
		ADDED from AndroidManifest.xml:130:13
	android:configChanges
		ADDED from AndroidManifest.xml:129:13
	android:name
		ADDED from AndroidManifest.xml:128:13
	android:launchMode
		ADDED from AndroidManifest.xml:131:13
activity#com.cn7782.management.android.activity.EventReportActivity2
ADDED from AndroidManifest.xml:132:9
	android:label
		ADDED from AndroidManifest.xml:135:13
	android:configChanges
		ADDED from AndroidManifest.xml:134:13
	android:name
		ADDED from AndroidManifest.xml:133:13
	android:launchMode
		ADDED from AndroidManifest.xml:136:13
activity#com.cn7782.management.android.activity.ChooseDateActivity
ADDED from AndroidManifest.xml:137:9
	android:label
		ADDED from AndroidManifest.xml:140:13
	android:configChanges
		ADDED from AndroidManifest.xml:139:13
	android:name
		ADDED from AndroidManifest.xml:138:13
activity#com.cn7782.management.android.activity.MapAcitivity
ADDED from AndroidManifest.xml:141:9
	android:label
		ADDED from AndroidManifest.xml:144:13
	android:configChanges
		ADDED from AndroidManifest.xml:143:13
	android:name
		ADDED from AndroidManifest.xml:142:13
activity#com.cn7782.management.android.activity.NoticeActivity
ADDED from AndroidManifest.xml:145:9
	android:label
		ADDED from AndroidManifest.xml:148:13
	android:configChanges
		ADDED from AndroidManifest.xml:147:13
	android:name
		ADDED from AndroidManifest.xml:146:13
activity#com.cn7782.management.android.activity.DynamicActivity
ADDED from AndroidManifest.xml:149:9
	android:label
		ADDED from AndroidManifest.xml:152:13
	android:configChanges
		ADDED from AndroidManifest.xml:151:13
	android:name
		ADDED from AndroidManifest.xml:150:13
activity#com.cn7782.management.android.activity.LoginSettingActivity
ADDED from AndroidManifest.xml:153:9
	android:label
		ADDED from AndroidManifest.xml:156:13
	android:configChanges
		ADDED from AndroidManifest.xml:155:13
	android:name
		ADDED from AndroidManifest.xml:154:13
activity#com.cn7782.management.android.activity.NoticeDetailActivity
ADDED from AndroidManifest.xml:157:9
	android:windowSoftInputMode
		ADDED from AndroidManifest.xml:161:13
	android:label
		ADDED from AndroidManifest.xml:160:13
	android:configChanges
		ADDED from AndroidManifest.xml:159:13
	android:name
		ADDED from AndroidManifest.xml:158:13
activity#com.cn7782.management.android.activity.MessageDetailActivity
ADDED from AndroidManifest.xml:162:9
	android:windowSoftInputMode
		ADDED from AndroidManifest.xml:166:13
	android:label
		ADDED from AndroidManifest.xml:165:13
	android:configChanges
		ADDED from AndroidManifest.xml:164:13
	android:name
		ADDED from AndroidManifest.xml:163:13
activity#com.cn7782.management.android.activity.HaveReadActivity
ADDED from AndroidManifest.xml:167:9
	android:label
		ADDED from AndroidManifest.xml:170:13
	android:configChanges
		ADDED from AndroidManifest.xml:169:13
	android:name
		ADDED from AndroidManifest.xml:168:13
activity#com.cn7782.management.android.activity.ChartingActivity
ADDED from AndroidManifest.xml:171:9
	android:label
		ADDED from AndroidManifest.xml:174:13
	android:configChanges
		ADDED from AndroidManifest.xml:173:13
	android:name
		ADDED from AndroidManifest.xml:172:13
activity#com.cn7782.management.android.activity.SelectTypeActivity
ADDED from AndroidManifest.xml:175:9
	android:label
		ADDED from AndroidManifest.xml:178:13
	android:configChanges
		ADDED from AndroidManifest.xml:177:13
	android:theme
		ADDED from AndroidManifest.xml:179:13
	android:name
		ADDED from AndroidManifest.xml:176:13
activity#com.cn7782.management.android.activity.MyReportActivity
ADDED from AndroidManifest.xml:180:9
	android:label
		ADDED from AndroidManifest.xml:183:13
	android:configChanges
		ADDED from AndroidManifest.xml:182:13
	android:name
		ADDED from AndroidManifest.xml:181:13
activity#com.cn7782.management.android.activity.MyReportDetailActivity
ADDED from AndroidManifest.xml:184:9
	android:label
		ADDED from AndroidManifest.xml:187:13
	android:configChanges
		ADDED from AndroidManifest.xml:186:13
	android:name
		ADDED from AndroidManifest.xml:185:13
activity#com.cn7782.management.android.activity.AddPatrolActivity
ADDED from AndroidManifest.xml:188:9
	android:label
		ADDED from AndroidManifest.xml:191:13
	android:configChanges
		ADDED from AndroidManifest.xml:190:13
	android:name
		ADDED from AndroidManifest.xml:189:13
activity#com.cn7782.management.android.activity.CheckMapActivity
ADDED from AndroidManifest.xml:192:9
	android:label
		ADDED from AndroidManifest.xml:195:13
	android:configChanges
		ADDED from AndroidManifest.xml:194:13
	android:name
		ADDED from AndroidManifest.xml:193:13
activity#com.cn7782.management.android.activity.PatrolingActivity
ADDED from AndroidManifest.xml:196:9
	android:label
		ADDED from AndroidManifest.xml:199:13
	android:configChanges
		ADDED from AndroidManifest.xml:198:13
	android:name
		ADDED from AndroidManifest.xml:197:13
activity#com.cn7782.management.android.activity.TrajectoryActivity
ADDED from AndroidManifest.xml:200:9
	android:label
		ADDED from AndroidManifest.xml:203:13
	android:configChanges
		ADDED from AndroidManifest.xml:202:13
	android:name
		ADDED from AndroidManifest.xml:201:13
activity#com.cn7782.management.android.activity.MyInformationActivity
ADDED from AndroidManifest.xml:204:9
	android:label
		ADDED from AndroidManifest.xml:207:13
	android:configChanges
		ADDED from AndroidManifest.xml:206:13
	android:name
		ADDED from AndroidManifest.xml:205:13
activity#com.cn7782.management.android.activity.ChangeMessageActivity
ADDED from AndroidManifest.xml:208:9
	android:label
		ADDED from AndroidManifest.xml:211:13
	android:configChanges
		ADDED from AndroidManifest.xml:210:13
	android:name
		ADDED from AndroidManifest.xml:209:13
activity#com.cn7782.management.android.activity.ChangeInformationActivity
ADDED from AndroidManifest.xml:212:9
	android:label
		ADDED from AndroidManifest.xml:215:13
	android:configChanges
		ADDED from AndroidManifest.xml:214:13
	android:name
		ADDED from AndroidManifest.xml:213:13
activity#com.cn7782.management.android.activity.SendNoticeActivity
ADDED from AndroidManifest.xml:216:9
	android:label
		ADDED from AndroidManifest.xml:219:13
	android:configChanges
		ADDED from AndroidManifest.xml:218:13
	android:name
		ADDED from AndroidManifest.xml:217:13
activity#com.cn7782.management.android.activity.DescriptionActivity
ADDED from AndroidManifest.xml:220:9
	android:label
		ADDED from AndroidManifest.xml:223:13
	android:configChanges
		ADDED from AndroidManifest.xml:222:13
	android:name
		ADDED from AndroidManifest.xml:221:13
activity#com.cn7782.management.android.activity.ChooseAddressActivity
ADDED from AndroidManifest.xml:224:9
	android:label
		ADDED from AndroidManifest.xml:227:13
	android:configChanges
		ADDED from AndroidManifest.xml:226:13
	android:name
		ADDED from AndroidManifest.xml:225:13
activity#com.cn7782.management.android.activity.TrajectoryListActivity
ADDED from AndroidManifest.xml:228:9
	android:label
		ADDED from AndroidManifest.xml:231:13
	android:configChanges
		ADDED from AndroidManifest.xml:230:13
	android:name
		ADDED from AndroidManifest.xml:229:13
activity#com.cn7782.management.android.activity.DynamicDetailActivity
ADDED from AndroidManifest.xml:232:9
	android:label
		ADDED from AndroidManifest.xml:235:13
	android:configChanges
		ADDED from AndroidManifest.xml:234:13
	android:name
		ADDED from AndroidManifest.xml:233:13
activity#com.cn7782.management.android.activity.FeedbackActivity
ADDED from AndroidManifest.xml:236:9
	android:label
		ADDED from AndroidManifest.xml:239:13
	android:configChanges
		ADDED from AndroidManifest.xml:238:13
	android:name
		ADDED from AndroidManifest.xml:237:13
activity#com.cn7782.management.android.activity.UploadedOfflineActivity
ADDED from AndroidManifest.xml:240:9
	android:label
		ADDED from AndroidManifest.xml:243:13
	android:configChanges
		ADDED from AndroidManifest.xml:242:13
	android:name
		ADDED from AndroidManifest.xml:241:13
activity#com.cn7782.management.android.activity.HistoryListActivity
ADDED from AndroidManifest.xml:244:9
	android:label
		ADDED from AndroidManifest.xml:247:13
	android:configChanges
		ADDED from AndroidManifest.xml:246:13
	android:name
		ADDED from AndroidManifest.xml:245:13
activity#com.cn7782.management.android.activity.AddScheduleActivity
ADDED from AndroidManifest.xml:248:9
	android:label
		ADDED from AndroidManifest.xml:251:13
	android:configChanges
		ADDED from AndroidManifest.xml:250:13
	android:name
		ADDED from AndroidManifest.xml:249:13
activity#com.cn7782.management.android.activity.UpdateScheduleActivity
ADDED from AndroidManifest.xml:252:9
	android:label
		ADDED from AndroidManifest.xml:255:13
	android:configChanges
		ADDED from AndroidManifest.xml:254:13
	android:name
		ADDED from AndroidManifest.xml:253:13
activity#com.cn7782.management.android.activity.ScheduleManagerActivity
ADDED from AndroidManifest.xml:256:9
	android:label
		ADDED from AndroidManifest.xml:259:13
	android:configChanges
		ADDED from AndroidManifest.xml:258:13
	android:theme
		ADDED from AndroidManifest.xml:261:13
	android:name
		ADDED from AndroidManifest.xml:257:13
	android:launchMode
		ADDED from AndroidManifest.xml:260:13
activity#com.cn7782.management.android.activity.ContactManagerActivity
ADDED from AndroidManifest.xml:262:9
	android:label
		ADDED from AndroidManifest.xml:265:13
	android:configChanges
		ADDED from AndroidManifest.xml:264:13
	android:name
		ADDED from AndroidManifest.xml:263:13
activity#com.cn7782.management.android.activity.FallDownWarnActivity
ADDED from AndroidManifest.xml:266:9
	android:label
		ADDED from AndroidManifest.xml:269:13
	android:configChanges
		ADDED from AndroidManifest.xml:268:13
	android:name
		ADDED from AndroidManifest.xml:267:13
activity#com.cn7782.management.android.activity.ScheduleDetailActivity
ADDED from AndroidManifest.xml:271:9
	android:label
		ADDED from AndroidManifest.xml:274:13
	android:configChanges
		ADDED from AndroidManifest.xml:273:13
	android:name
		ADDED from AndroidManifest.xml:272:13
activity#com.cn7782.management.android.activity.SelectNoticeTypeActivity
ADDED from AndroidManifest.xml:275:9
	android:label
		ADDED from AndroidManifest.xml:278:13
	android:configChanges
		ADDED from AndroidManifest.xml:277:13
	android:theme
		ADDED from AndroidManifest.xml:279:13
	android:name
		ADDED from AndroidManifest.xml:276:13
activity#com.cn7782.management.android.activity.TakeVideoActivity
ADDED from AndroidManifest.xml:280:9
	android:label
		ADDED from AndroidManifest.xml:283:13
	android:configChanges
		ADDED from AndroidManifest.xml:282:13
	android:name
		ADDED from AndroidManifest.xml:281:13
activity#com.easemob.easeui.ui.EaseBaiduMapActivity
ADDED from AndroidManifest.xml:284:9
	android:screenOrientation
		ADDED from AndroidManifest.xml:286:13
	android:name
		ADDED from AndroidManifest.xml:285:13
activity#com.easemob.easeui.ui.EaseShowVideoActivity
ADDED from AndroidManifest.xml:287:9
	android:screenOrientation
		ADDED from AndroidManifest.xml:289:13
	android:name
		ADDED from AndroidManifest.xml:288:13
activity#com.easemob.easeui.ui.EaseShowBigImageActivity
ADDED from AndroidManifest.xml:290:9
	android:screenOrientation
		ADDED from AndroidManifest.xml:292:13
	android:name
		ADDED from AndroidManifest.xml:291:13
activity#com.cn7782.management.android.activity.ContextMenuActivity
ADDED from AndroidManifest.xml:294:9
	android:screenOrientation
		ADDED from AndroidManifest.xml:296:13
	android:theme
		ADDED from AndroidManifest.xml:297:13
	android:name
		ADDED from AndroidManifest.xml:295:13
activity#com.cn7782.management.android.activity.ImageGridActivity
ADDED from AndroidManifest.xml:299:9
	android:windowSoftInputMode
		ADDED from AndroidManifest.xml:303:13
	android:screenOrientation
		ADDED from AndroidManifest.xml:301:13
	android:theme
		ADDED from AndroidManifest.xml:302:13
	android:name
		ADDED from AndroidManifest.xml:300:13
activity#com.cn7782.management.android.activity.RecorderVideoActivity
ADDED from AndroidManifest.xml:304:9
	android:windowSoftInputMode
		ADDED from AndroidManifest.xml:308:13
	android:screenOrientation
		ADDED from AndroidManifest.xml:306:13
	android:theme
		ADDED from AndroidManifest.xml:307:13
	android:name
		ADDED from AndroidManifest.xml:305:13
activity#com.cn7782.management.android.activity.MsgNotificationActivity
ADDED from AndroidManifest.xml:309:9
	android:theme
		ADDED from AndroidManifest.xml:311:13
	android:name
		ADDED from AndroidManifest.xml:310:13
activity#com.cn7782.management.android.activity.ChatActivity
ADDED from AndroidManifest.xml:312:9
	android:windowSoftInputMode
		ADDED from AndroidManifest.xml:317:13
	android:screenOrientation
		ADDED from AndroidManifest.xml:315:13
	android:theme
		ADDED from AndroidManifest.xml:316:13
	android:name
		ADDED from AndroidManifest.xml:313:13
	android:launchMode
		ADDED from AndroidManifest.xml:314:13
activity#com.cn7782.management.android.activity.ConversationListActivity
ADDED from AndroidManifest.xml:318:9
	android:windowSoftInputMode
		ADDED from AndroidManifest.xml:323:13
	android:screenOrientation
		ADDED from AndroidManifest.xml:321:13
	android:theme
		ADDED from AndroidManifest.xml:322:13
	android:name
		ADDED from AndroidManifest.xml:319:13
	android:launchMode
		ADDED from AndroidManifest.xml:320:13
activity#cn.jpush.android.ui.PushActivity
ADDED from AndroidManifest.xml:326:9
	android:configChanges
		ADDED from AndroidManifest.xml:329:13
	android:theme
		ADDED from AndroidManifest.xml:328:13
	android:name
		ADDED from AndroidManifest.xml:327:13
intent-filter#android.intent.category.DEFAULT+cn.jpush.android.ui.PushActivity+com.cn7782.management
ADDED from AndroidManifest.xml:330:13
action#cn.jpush.android.ui.PushActivity
ADDED from AndroidManifest.xml:331:17
	android:name
		ADDED from AndroidManifest.xml:331:25
category#android.intent.category.DEFAULT
ADDED from AndroidManifest.xml:332:17
	android:name
		ADDED from AndroidManifest.xml:332:27
category#com.cn7782.management
ADDED from AndroidManifest.xml:333:17
	android:name
		ADDED from AndroidManifest.xml:333:27
service#com.cn7782.management.android.activity.service.PositioningService
ADDED from AndroidManifest.xml:336:9
	android:name
		ADDED from AndroidManifest.xml:336:18
service#com.cn7782.management.android.activity.service.TimingService
ADDED from AndroidManifest.xml:337:9
	android:name
		ADDED from AndroidManifest.xml:337:18
service#com.cn7782.management.android.activity.service.MessengerService
ADDED from AndroidManifest.xml:338:9
	android:name
		ADDED from AndroidManifest.xml:338:18
service#com.cn7782.management.android.activity.service.CoreService
ADDED from AndroidManifest.xml:339:9
	android:name
		ADDED from AndroidManifest.xml:339:18
service#com.baidu.location.f
ADDED from AndroidManifest.xml:340:9
	android:process
		ADDED from AndroidManifest.xml:343:13
	android:enabled
		ADDED from AndroidManifest.xml:342:13
	android:name
		ADDED from AndroidManifest.xml:341:13
service#com.easemob.chat.EMChatService
ADDED from AndroidManifest.xml:346:9
	android:name
		ADDED from AndroidManifest.xml:346:18
service#cn.jpush.android.service.PushService
ADDED from AndroidManifest.xml:348:9
	android:exported
		ADDED from AndroidManifest.xml:351:13
	android:enabled
		ADDED from AndroidManifest.xml:350:13
	android:name
		ADDED from AndroidManifest.xml:349:13
intent-filter#cn.jpush.android.intent.PUSH_TIME+cn.jpush.android.intent.PushService+cn.jpush.android.intent.REGISTER+cn.jpush.android.intent.REPORT
ADDED from AndroidManifest.xml:352:13
action#cn.jpush.android.intent.REGISTER
ADDED from AndroidManifest.xml:353:17
	android:name
		ADDED from AndroidManifest.xml:353:25
action#cn.jpush.android.intent.REPORT
ADDED from AndroidManifest.xml:354:17
	android:name
		ADDED from AndroidManifest.xml:354:25
action#cn.jpush.android.intent.PushService
ADDED from AndroidManifest.xml:355:17
	android:name
		ADDED from AndroidManifest.xml:355:25
action#cn.jpush.android.intent.PUSH_TIME
ADDED from AndroidManifest.xml:356:17
	android:name
		ADDED from AndroidManifest.xml:356:25
service#cn.jpush.android.service.DownloadService
ADDED from AndroidManifest.xml:360:9
	android:exported
		ADDED from AndroidManifest.xml:363:13
	android:enabled
		ADDED from AndroidManifest.xml:362:13
	android:name
		ADDED from AndroidManifest.xml:361:13
receiver#cn.jpush.android.service.PushReceiver
ADDED from AndroidManifest.xml:366:9
	android:enabled
		ADDED from AndroidManifest.xml:368:13
	android:name
		ADDED from AndroidManifest.xml:367:13
intent-filter#cn.jpush.android.intent.NOTIFICATION_RECEIVED_PROXY+com.cn7782.management
ADDED from AndroidManifest.xml:369:13
	android:priority
		ADDED from AndroidManifest.xml:369:28
action#cn.jpush.android.intent.NOTIFICATION_RECEIVED_PROXY
ADDED from AndroidManifest.xml:370:17
	android:name
		ADDED from AndroidManifest.xml:370:25
intent-filter#android.intent.action.USER_PRESENT+android.net.conn.CONNECTIVITY_CHANGE
ADDED from AndroidManifest.xml:373:13
action#android.intent.action.USER_PRESENT
ADDED from AndroidManifest.xml:374:17
	android:name
		ADDED from AndroidManifest.xml:374:25
action#android.net.conn.CONNECTIVITY_CHANGE
ADDED from AndroidManifest.xml:375:17
	android:name
		ADDED from AndroidManifest.xml:375:25
intent-filter#android.intent.action.PACKAGE_ADDED+android.intent.action.PACKAGE_REMOVED
ADDED from AndroidManifest.xml:377:13
action#android.intent.action.PACKAGE_ADDED
ADDED from AndroidManifest.xml:378:17
	android:name
		ADDED from AndroidManifest.xml:378:25
action#android.intent.action.PACKAGE_REMOVED
ADDED from AndroidManifest.xml:379:17
	android:name
		ADDED from AndroidManifest.xml:379:25
data
ADDED from AndroidManifest.xml:380:17
	android:scheme
		ADDED from AndroidManifest.xml:380:23
receiver#cn.jpush.android.service.AlarmReceiver
ADDED from AndroidManifest.xml:384:9
	android:name
		ADDED from AndroidManifest.xml:384:19
receiver#com.cn7782.management.android.activity.receiver.AudioReceiver
ADDED from AndroidManifest.xml:385:9
	android:exported
		ADDED from AndroidManifest.xml:388:13
	android:enabled
		ADDED from AndroidManifest.xml:387:13
	android:name
		ADDED from AndroidManifest.xml:386:13
receiver#com.cn7782.management.android.activity.receiver.MsgReceiver
ADDED from AndroidManifest.xml:389:9
	android:exported
		ADDED from AndroidManifest.xml:392:13
	android:enabled
		ADDED from AndroidManifest.xml:391:13
	android:name
		ADDED from AndroidManifest.xml:390:13
intent-filter#android.intent.action.BOOT_COMPLETED+android.intent.action.USER_PRESENT+com.cn7782.management.messengerservice.destroy
ADDED from AndroidManifest.xml:393:13
action#android.intent.action.BOOT_COMPLETED
ADDED from AndroidManifest.xml:394:17
	android:name
		ADDED from AndroidManifest.xml:394:25
action#com.cn7782.management.messengerservice.destroy
ADDED from AndroidManifest.xml:396:17
	android:name
		ADDED from AndroidManifest.xml:396:25
receiver#com.cn7782.management.android.activity.receiver.JPushReceiver
ADDED from AndroidManifest.xml:400:9
	android:exported
		ADDED from AndroidManifest.xml:402:13
	android:enabled
		ADDED from AndroidManifest.xml:403:13
	android:name
		ADDED from AndroidManifest.xml:401:13
intent-filter#cn.jpush.android.intent.ACTION_RICHPUSH_CALLBACK+cn.jpush.android.intent.CONNECTION+cn.jpush.android.intent.MESSAGE_RECEIVED+cn.jpush.android.intent.NOTIFICATION_OPENED+cn.jpush.android.intent.NOTIFICATION_RECEIVED+cn.jpush.android.intent.REGISTRATION+cn.jpush.android.intent.UNREGISTRATION+com.cn7782.management
ADDED from AndroidManifest.xml:404:13
action#cn.jpush.android.intent.REGISTRATION
ADDED from AndroidManifest.xml:405:17
	android:name
		ADDED from AndroidManifest.xml:405:25
action#cn.jpush.android.intent.UNREGISTRATION
ADDED from AndroidManifest.xml:406:17
	android:name
		ADDED from AndroidManifest.xml:406:25